<?xml version="1.0" encoding="UTF-8"?>
<testng-results ignored="0" total="1" passed="1" failed="0" skipped="0">
  <reporter-output>
  </reporter-output>
  <suite started-at="2021-10-04T15:39:34 IST" name="Default suite" finished-at="2021-10-04T15:39:57 IST" duration-ms="22945">
    <groups>
    </groups>
    <test started-at="2021-10-04T15:39:34 IST" name="Default test" finished-at="2021-10-04T15:39:57 IST" duration-ms="22945">
      <class name="oct4_ExtentReporting.TestReporting">
        <test-method is-config="true" signature="testbefore()[pri:0, instance:oct4_ExtentReporting.TestReporting@614ca7df]" started-at="2021-10-04T15:39:34 IST" name="testbefore" finished-at="2021-10-04T15:39:35 IST" duration-ms="780" status="PASS">
          <reporter-output>
          </reporter-output>
        </test-method> <!-- testbefore -->
        <test-method is-config="true" signature="beforeclass()[pri:0, instance:oct4_ExtentReporting.TestReporting@614ca7df]" started-at="2021-10-04T15:39:35 IST" name="beforeclass" finished-at="2021-10-04T15:39:41 IST" duration-ms="6128" status="PASS">
          <reporter-output>
          </reporter-output>
        </test-method> <!-- beforeclass -->
        <test-method is-config="true" signature="beforemethod()[pri:0, instance:oct4_ExtentReporting.TestReporting@614ca7df]" started-at="2021-10-04T15:39:41 IST" name="beforemethod" finished-at="2021-10-04T15:39:55 IST" duration-ms="13816" status="PASS">
          <reporter-output>
          </reporter-output>
        </test-method> <!-- beforemethod -->
        <test-method signature="f()[pri:0, instance:oct4_ExtentReporting.TestReporting@614ca7df]" started-at="2021-10-04T15:39:55 IST" name="f" finished-at="2021-10-04T15:39:55 IST" duration-ms="17" status="PASS">
          <reporter-output>
          </reporter-output>
        </test-method> <!-- f -->
        <test-method is-config="true" signature="aftermethod()[pri:0, instance:oct4_ExtentReporting.TestReporting@614ca7df]" started-at="2021-10-04T15:39:55 IST" name="aftermethod" finished-at="2021-10-04T15:39:57 IST" duration-ms="1902" status="PASS">
          <reporter-output>
          </reporter-output>
        </test-method> <!-- aftermethod -->
        <test-method is-config="true" signature="afterclass()[pri:0, instance:oct4_ExtentReporting.TestReporting@614ca7df]" started-at="2021-10-04T15:39:57 IST" name="afterclass" finished-at="2021-10-04T15:39:57 IST" duration-ms="121" status="PASS">
          <reporter-output>
          </reporter-output>
        </test-method> <!-- afterclass -->
        <test-method is-config="true" signature="testafter()[pri:0, instance:oct4_ExtentReporting.TestReporting@614ca7df]" started-at="2021-10-04T15:39:57 IST" name="testafter" finished-at="2021-10-04T15:39:57 IST" duration-ms="85" status="PASS">
          <reporter-output>
          </reporter-output>
        </test-method> <!-- testafter -->
      </class> <!-- oct4_ExtentReporting.TestReporting -->
    </test> <!-- Default test -->
  </suite> <!-- Default suite -->
</testng-results>
